<?xml version="1.0" encoding="UTF-8"?>
<!-- Generated by org.testng.reporters.JUnitReportReporter -->
<testsuite hostname="LAPTOP-PUNNNF7D" name="testscripts.CreateOrder" tests="1" failures="0" timestamp="7 Feb 2024 12:27:51 GMT" time="2.701" errors="0">
  <testcase name="createOrder" time="2.701" classname="testscripts.CreateOrder"/>
</testsuite> <!-- testscripts.CreateOrder -->
